2023-01-01 13:32:32,830 [main] INFO nopCommerce - **************Launching browser**************
2023-01-01 13:32:32,927 [main] INFO nopCommerce - ****************Opening URL***************
2023-01-01 13:32:35,546 [main] INFO nopCommerce - ****************Providing Login Details***************
2023-01-01 13:32:35,961 [main] INFO nopCommerce - ***********************Started Login Process*******************
2023-01-01 13:32:55,392 [main] INFO nopCommerce - *****************Adding new customer*******************
2023-01-01 13:32:55,394 [main] INFO nopCommerce - *****************Providing customer details*******************
2023-01-01 13:33:04,679 [main] INFO nopCommerce - *****************Saving customer data*******************
2023-01-01 13:33:09,295 [main] INFO nopCommerce - *****************Closing Browser*******************
2023-01-01 13:33:19,978 [main] INFO nopCommerce - **************Launching browser**************
2023-01-01 13:33:19,980 [main] INFO nopCommerce - ****************Opening URL***************
2023-01-01 13:33:23,271 [main] INFO nopCommerce - ****************Providing Login Details***************
2023-01-01 13:33:23,660 [main] INFO nopCommerce - ***********************Started Login Process*******************
2023-01-01 13:33:37,118 [main] INFO nopCommerce - *****************Searching customer by email id*******************
2023-01-01 13:33:41,306 [main] INFO nopCommerce - *****************Closing Browser*******************
2023-01-01 13:33:43,231 [main] INFO nopCommerce - **************Launching browser**************
2023-01-01 13:33:43,258 [main] INFO nopCommerce - ****************Opening URL***************
2023-01-01 13:33:46,390 [main] INFO nopCommerce - ****************Providing Login Details***************
2023-01-01 13:33:46,807 [main] INFO nopCommerce - ***********************Started Login Process*******************
2023-01-01 13:34:00,837 [main] INFO nopCommerce - *****************Searching customer by Name*******************
2023-01-01 13:34:04,626 [main] INFO nopCommerce - *****************Closing Browser*******************
2023-01-01 13:34:06,826 [main] INFO nopCommerce - **************Launching browser**************
2023-01-01 13:34:06,828 [main] INFO nopCommerce - ****************Opening URL***************
2023-01-01 13:34:10,841 [main] INFO nopCommerce - ****************Providing Login Details***************
2023-01-01 13:34:11,260 [main] INFO nopCommerce - ***********************Started Login Process*******************
2023-01-01 13:34:19,114 [main] INFO nopCommerce - *****************Login Failed*******************
2023-01-01 13:34:19,127 [main] INFO nopCommerce - *****************Click on logout link*******************
2023-01-01 13:34:23,760 [main] INFO nopCommerce - *****************Login Failed*******************
2023-01-01 13:34:23,771 [main] INFO nopCommerce - *****************Closing Browser*******************
2023-01-01 13:34:25,710 [main] INFO nopCommerce - **************Launching browser**************
2023-01-01 13:34:25,712 [main] INFO nopCommerce - ****************Opening URL***************
2023-01-01 13:34:30,914 [main] INFO nopCommerce - ****************Providing Login Details***************
2023-01-01 13:34:31,327 [main] INFO nopCommerce - ***********************Started Login Process*******************
2023-01-01 13:34:37,668 [main] INFO nopCommerce - *****************Login Failed*******************
2023-01-01 13:34:37,677 [main] INFO nopCommerce - *****************Click on logout link*******************
2023-01-01 13:34:42,288 [main] INFO nopCommerce - *****************Login Failed*******************
2023-01-01 13:34:42,296 [main] INFO nopCommerce - *****************Closing Browser*******************
2023-01-01 13:34:44,289 [main] INFO nopCommerce - **************Launching browser**************
2023-01-01 13:34:44,291 [main] INFO nopCommerce - ****************Opening URL***************
2023-01-01 13:34:48,571 [main] INFO nopCommerce - ****************Providing Login Details***************
2023-01-01 13:34:49,050 [main] INFO nopCommerce - ***********************Started Login Process*******************
2023-01-01 13:34:53,072 [main] INFO nopCommerce - *****************Login Passed*******************
2023-01-01 14:17:14,870 [main] INFO nopCommerce - **************Launching browser**************
2023-01-01 14:17:15,039 [main] INFO nopCommerce - ****************Opening URL***************
2023-01-01 14:17:17,238 [main] INFO nopCommerce - ****************Providing Login Details***************
2023-01-01 14:17:17,688 [main] INFO nopCommerce - ***********************Started Login Process*******************
2023-01-01 14:17:37,278 [main] INFO nopCommerce - *****************Adding new customer*******************
2023-01-01 14:17:37,279 [main] INFO nopCommerce - *****************Providing customer details*******************
2023-01-01 14:17:45,727 [main] INFO nopCommerce - *****************Saving customer data*******************
2023-01-01 14:17:50,753 [main] INFO nopCommerce - *****************Closing Browser*******************
2023-01-01 14:18:03,193 [main] INFO nopCommerce - **************Launching browser**************
2023-01-01 14:18:03,201 [main] INFO nopCommerce - ****************Opening URL***************
2023-01-01 14:18:06,585 [main] INFO nopCommerce - ****************Providing Login Details***************
2023-01-01 14:18:06,996 [main] INFO nopCommerce - ***********************Started Login Process*******************
2023-01-01 14:18:22,323 [main] INFO nopCommerce - *****************Searching customer by email id*******************
2023-01-01 14:18:25,998 [main] INFO nopCommerce - *****************Closing Browser*******************
2023-01-01 14:18:27,950 [main] INFO nopCommerce - **************Launching browser**************
2023-01-01 14:18:28,067 [main] INFO nopCommerce - ****************Opening URL***************
2023-01-01 14:18:31,485 [main] INFO nopCommerce - ****************Providing Login Details***************
2023-01-01 14:18:31,899 [main] INFO nopCommerce - ***********************Started Login Process*******************
2023-01-01 14:18:46,417 [main] INFO nopCommerce - *****************Searching customer by Name*******************
2023-01-01 14:18:50,215 [main] INFO nopCommerce - *****************Closing Browser*******************
2023-01-01 14:41:00,011 [main] INFO nopCommerce - **************Launching browser**************
2023-01-01 14:41:00,136 [main] INFO nopCommerce - ****************Opening URL***************
2023-01-01 14:41:02,636 [main] INFO nopCommerce - ****************Providing Login Details***************
2023-01-01 14:41:03,100 [main] INFO nopCommerce - ***********************Started Login Process*******************
2023-01-01 14:41:21,828 [main] INFO nopCommerce - *****************Adding new customer*******************
2023-01-01 14:41:21,829 [main] INFO nopCommerce - *****************Providing customer details*******************
2023-01-01 14:41:30,400 [main] INFO nopCommerce - *****************Saving customer data*******************
2023-01-01 14:41:35,226 [main] INFO nopCommerce - *****************Closing Browser*******************
2023-01-01 14:41:37,714 [main] INFO nopCommerce - **************Launching browser**************
2023-01-01 14:41:37,727 [main] INFO nopCommerce - ****************Opening URL***************
2023-01-01 14:41:41,879 [main] INFO nopCommerce - ****************Providing Login Details***************
2023-01-01 14:41:42,309 [main] INFO nopCommerce - ***********************Started Login Process*******************
2023-01-01 14:41:50,081 [main] INFO nopCommerce - *****************Login Failed*******************
2023-01-01 14:41:50,097 [main] INFO nopCommerce - *****************Click on logout link*******************
2023-01-01 14:41:54,742 [main] INFO nopCommerce - *****************Login Failed*******************
2023-01-01 14:41:54,751 [main] INFO nopCommerce - *****************Closing Browser*******************
2023-01-01 15:02:16,775 [main] INFO nopCommerce - **************Launching browser**************
2023-01-01 15:02:16,878 [main] INFO nopCommerce - ****************Opening URL***************
2023-01-01 15:02:19,610 [main] INFO nopCommerce - ****************Providing Login Details***************
2023-01-01 15:02:19,988 [main] INFO nopCommerce - ***********************Started Login Process*******************
2023-01-01 15:02:38,611 [main] INFO nopCommerce - *****************Adding new customer*******************
2023-01-01 15:02:38,612 [main] INFO nopCommerce - *****************Providing customer details*******************
2023-01-01 15:02:47,438 [main] INFO nopCommerce - *****************Saving customer data*******************
2023-01-01 15:02:51,994 [main] INFO nopCommerce - *****************Closing Browser*******************
2023-01-01 15:02:55,789 [main] INFO nopCommerce - **************Launching browser**************
2023-01-01 15:02:55,833 [main] INFO nopCommerce - ****************Opening URL***************
2023-01-01 15:02:59,935 [main] INFO nopCommerce - ****************Providing Login Details***************
2023-01-01 15:03:00,320 [main] INFO nopCommerce - ***********************Started Login Process*******************
2023-01-01 15:03:08,448 [main] INFO nopCommerce - *****************Login Failed*******************
2023-01-01 15:03:08,474 [main] INFO nopCommerce - *****************Click on logout link*******************
2023-01-01 15:03:13,184 [main] INFO nopCommerce - *****************Login Failed*******************
2023-01-01 15:03:13,195 [main] INFO nopCommerce - *****************Closing Browser*******************
2023-01-01 18:00:37,692 [main] INFO nopCommerce - **************Launching browser**************
2023-01-01 18:00:37,829 [main] INFO nopCommerce - ****************Opening URL***************
2023-01-01 18:00:40,317 [main] INFO nopCommerce - ****************Providing Login Details***************
2023-01-01 18:00:40,719 [main] INFO nopCommerce - ***********************Started Login Process*******************
2023-01-01 18:01:00,839 [main] INFO nopCommerce - *****************Adding new customer*******************
2023-01-01 18:01:00,840 [main] INFO nopCommerce - *****************Providing customer details*******************
2023-01-01 18:01:09,580 [main] INFO nopCommerce - *****************Saving customer data*******************
2023-01-01 18:01:14,192 [main] INFO nopCommerce - *****************Closing Browser*******************
2023-01-01 18:01:16,463 [main] INFO nopCommerce - **************Launching browser**************
2023-01-01 18:01:16,545 [main] INFO nopCommerce - ****************Opening URL***************
2023-01-01 18:01:20,082 [main] INFO nopCommerce - ****************Providing Login Details***************
2023-01-01 18:01:20,571 [main] INFO nopCommerce - ***********************Started Login Process*******************
2023-01-01 18:01:35,163 [main] INFO nopCommerce - *****************Searching customer by email id*******************
2023-01-01 18:01:38,828 [main] INFO nopCommerce - *****************Closing Browser*******************
2023-01-01 18:01:40,751 [main] INFO nopCommerce - **************Launching browser**************
2023-01-01 18:01:40,754 [main] INFO nopCommerce - ****************Opening URL***************
2023-01-01 18:01:43,744 [main] INFO nopCommerce - ****************Providing Login Details***************
2023-01-01 18:01:44,185 [main] INFO nopCommerce - ***********************Started Login Process*******************
2023-01-01 18:01:57,400 [main] INFO nopCommerce - *****************Searching customer by Name*******************
2023-01-01 18:02:01,312 [main] INFO nopCommerce - *****************Closing Browser*******************
2023-01-01 18:02:03,640 [main] INFO nopCommerce - **************Launching browser**************
2023-01-01 18:02:03,661 [main] INFO nopCommerce - ****************Opening URL***************
2023-01-01 18:02:07,112 [main] INFO nopCommerce - ****************Providing Login Details***************
2023-01-01 18:02:07,493 [main] INFO nopCommerce - ***********************Started Login Process*******************
2023-01-01 18:02:13,968 [main] INFO nopCommerce - *****************Login Failed*******************
2023-01-01 18:02:13,987 [main] INFO nopCommerce - *****************Click on logout link*******************
2023-01-01 18:02:18,633 [main] INFO nopCommerce - *****************Login Failed*******************
2023-01-01 18:02:18,644 [main] INFO nopCommerce - *****************Closing Browser*******************
2023-01-01 18:02:21,633 [main] INFO nopCommerce - **************Launching browser**************
2023-01-01 18:02:21,636 [main] INFO nopCommerce - ****************Opening URL***************
2023-01-01 18:02:27,149 [main] INFO nopCommerce - ****************Providing Login Details***************
2023-01-01 18:02:27,558 [main] INFO nopCommerce - ***********************Started Login Process*******************
2023-01-01 18:02:34,199 [main] INFO nopCommerce - *****************Login Failed*******************
2023-01-01 18:02:34,212 [main] INFO nopCommerce - *****************Click on logout link*******************
2023-01-01 18:02:38,782 [main] INFO nopCommerce - *****************Login Failed*******************
2023-01-01 18:02:38,790 [main] INFO nopCommerce - *****************Closing Browser*******************
2023-01-01 18:02:41,272 [main] INFO nopCommerce - **************Launching browser**************
2023-01-01 18:02:41,296 [main] INFO nopCommerce - ****************Opening URL***************
2023-01-01 18:02:44,737 [main] INFO nopCommerce - ****************Providing Login Details***************
2023-01-01 18:02:45,145 [main] INFO nopCommerce - ***********************Started Login Process*******************
2023-01-01 18:02:48,906 [main] INFO nopCommerce - *****************Login Passed*******************
